<?xml version="1.0" encoding="UTF-8"?>
<testsuite name="JUnit Jupiter" tests="2" skipped="0" failures="0" errors="0" time="0.34" hostname="DESKTOP-JJ1AQGL" timestamp="2023-06-07T21:20:07">
<properties>
[...]
</properties>
<testcase name="testAddConfig()" classname="nacos.NacosClientTest" time="0.039">
<system-out><![CDATA[
unique-id: [engine:junit-jupiter]/[class:nacos.NacosClientTest]/[method:testAddConfig()]
display-name: testAddConfig()
]]></system-out>
</testcase>
<testcase name="testGetConfig()" classname="nacos.NacosClientTest" time="0.011">
<system-out><![CDATA[
unique-id: [engine:junit-jupiter]/[class:nacos.NacosClientTest]/[method:testGetConfig()]
display-name: testGetConfig()
]]></system-out>
</testcase>
<system-out><![CDATA[
unique-id: [engine:junit-jupiter]
display-name: JUnit Jupiter
]]></system-out>
</testsuite>
